2022-04-21 19:10:34,946 [INFO ] main com.example.demo.ECommerceApplication [StartupInfoLogger.java : 50] Starting ECommerceApplication on s-MacBook-Air-2.local with PID 65679 (/Users/aaron/Documents/GitHub/eCom/starter_code/target/classes started by aaron in /Users/aaron/Documents/GitHub/eCom)
2022-04-21 19:10:34,949 [INFO ] main com.example.demo.ECommerceApplication [SpringApplication.java : 675] No active profile set, falling back to default profiles: default
2022-04-21 19:10:35,163 [INFO ] main o.s.data.repository.config.RepositoryConfigurationDelegate [RepositoryConfigurationDelegate.java : 126] Bootstrapping Spring Data repositories in DEFAULT mode.
2022-04-21 19:10:35,187 [INFO ] main o.s.data.repository.config.RepositoryConfigurationDelegate [RepositoryConfigurationDelegate.java : 182] Finished Spring Data repository scanning in 21ms. Found 4 repository interfaces.
2022-04-21 19:10:35,365 [INFO ] main o.s.c.s.PostProcessorRegistrationDelegate$BeanPostProcessorChecker [PostProcessorRegistrationDelegate.java : 330] Bean 'org.springframework.transaction.annotation.ProxyTransactionManagementConfiguration' of type [org.springframework.transaction.annotation.ProxyTransactionManagementConfiguration$$EnhancerBySpringCGLIB$$d253046c] is not eligible for getting processed by all BeanPostProcessors (for example: not eligible for auto-proxying)
2022-04-21 19:10:35,459 [INFO ] main org.springframework.boot.web.embedded.tomcat.TomcatWebServer [TomcatWebServer.java : 90] Tomcat initialized with port(s): 8080 (http)
2022-04-21 19:10:35,476 [INFO ] main org.apache.coyote.http11.Http11NioProtocol [DirectJDKLog.java : 173] Initializing ProtocolHandler ["http-nio-8080"]
2022-04-21 19:10:35,481 [INFO ] main org.apache.catalina.core.StandardService [DirectJDKLog.java : 173] Starting service [Tomcat]
2022-04-21 19:10:35,481 [INFO ] main org.apache.catalina.core.StandardEngine [DirectJDKLog.java : 173] Starting Servlet engine: [Apache Tomcat/9.0.19]
2022-04-21 19:10:35,529 [INFO ] main o.a.catalina.core.ContainerBase.[Tomcat].[localhost].[/] [DirectJDKLog.java : 173] Initializing Spring embedded WebApplicationContext
2022-04-21 19:10:35,530 [INFO ] main org.springframework.web.context.ContextLoader [ServletWebServerApplicationContext.java : 296] Root WebApplicationContext: initialization completed in 562 ms
2022-04-21 19:10:35,604 [INFO ] main com.zaxxer.hikari.HikariDataSource [HikariDataSource.java : 110] HikariPool-1 - Starting...
2022-04-21 19:10:35,648 [INFO ] main com.zaxxer.hikari.HikariDataSource [HikariDataSource.java : 123] HikariPool-1 - Start completed.
2022-04-21 19:10:35,668 [INFO ] main org.hibernate.jpa.internal.util.LogHelper [LogHelper.java : 31] HHH000204: Processing PersistenceUnitInfo [
	name: default
	...]
2022-04-21 19:10:35,689 [INFO ] main org.hibernate.Version [Version.java : 46] HHH000412: Hibernate Core {5.3.10.Final}
2022-04-21 19:10:35,690 [INFO ] main org.hibernate.cfg.Environment [Environment.java : 213] HHH000206: hibernate.properties not found
2022-04-21 19:10:35,735 [INFO ] main org.hibernate.annotations.common.Version [JavaReflectionManager.java : 49] HCANN000001: Hibernate Commons Annotations {5.0.4.Final}
2022-04-21 19:10:35,771 [INFO ] main org.hibernate.dialect.Dialect [Dialect.java : 157] HHH000400: Using dialect: org.hibernate.dialect.H2Dialect
2022-04-21 19:10:36,014 [INFO ] main o.s.orm.jpa.LocalContainerEntityManagerFactoryBean [AbstractEntityManagerFactoryBean.java : 415] Initialized JPA EntityManagerFactory for persistence unit 'default'
2022-04-21 19:10:36,329 [INFO ] main org.springframework.security.web.DefaultSecurityFilterChain [DefaultSecurityFilterChain.java : 43] Creating filter chain: any request, [org.springframework.security.web.context.request.async.WebAsyncManagerIntegrationFilter@47c356e, org.springframework.security.web.context.SecurityContextPersistenceFilter@77d3c3d7, org.springframework.security.web.header.HeaderWriterFilter@48d464cf, org.springframework.web.filter.CorsFilter@66e218d8, org.springframework.security.web.authentication.logout.LogoutFilter@4d3990a5, com.example.demo.security.JWTAuthenticationFilter@5b80b41d, com.example.demo.security.JWTAuthenticationVerificationFilter@54ef9698, org.springframework.security.web.savedrequest.RequestCacheAwareFilter@5a3be84, org.springframework.security.web.servletapi.SecurityContextHolderAwareRequestFilter@6167c42f, org.springframework.security.web.authentication.AnonymousAuthenticationFilter@31dd0e2e, org.springframework.security.web.session.SessionManagementFilter@68543a35, org.springframework.security.web.access.ExceptionTranslationFilter@b1fa523, org.springframework.security.web.access.intercept.FilterSecurityInterceptor@6be2b567]
2022-04-21 19:10:36,373 [INFO ] main o.s.scheduling.concurrent.ThreadPoolTaskExecutor [ExecutorConfigurationSupport.java : 171] Initializing ExecutorService 'applicationTaskExecutor'
2022-04-21 19:10:36,425 [INFO ] main org.apache.coyote.http11.Http11NioProtocol [DirectJDKLog.java : 173] Starting ProtocolHandler ["http-nio-8080"]
2022-04-21 19:10:36,445 [INFO ] main org.springframework.boot.web.embedded.tomcat.TomcatWebServer [TomcatWebServer.java : 204] Tomcat started on port(s): 8080 (http) with context path ''
2022-04-21 19:10:36,447 [INFO ] main com.example.demo.ECommerceApplication [StartupInfoLogger.java : 59] Started ECommerceApplication in 1.831 seconds (JVM running for 2.148)
2022-04-21 19:11:05,667 [INFO ] http-nio-8080-exec-1 o.a.catalina.core.ContainerBase.[Tomcat].[localhost].[/] [DirectJDKLog.java : 173] Initializing Spring DispatcherServlet 'dispatcherServlet'
2022-04-21 19:11:05,668 [INFO ] http-nio-8080-exec-1 org.springframework.web.servlet.DispatcherServlet [FrameworkServlet.java : 524] Initializing Servlet 'dispatcherServlet'
2022-04-21 19:11:05,674 [INFO ] http-nio-8080-exec-1 org.springframework.web.servlet.DispatcherServlet [FrameworkServlet.java : 546] Completed initialization in 6 ms
2022-04-21 19:11:05,737 [INFO ] http-nio-8080-exec-1 org.hibernate.hql.internal.QueryTranslatorFactoryInitiator [QueryTranslatorFactoryInitiator.java : 47] HHH000397: Using ASTQueryTranslatorFactory
2022-04-21 19:11:05,860 [INFO ] http-nio-8080-exec-1 com.example.demo.controllers.UserController [UserController.java : 71] create user: test2 successfully!
2022-04-21 19:11:43,375 [INFO ] http-nio-8080-exec-6 com.example.demo.controllers.UserController [UserController.java : 71] create user: test1 successfully!
2022-04-21 19:12:02,975 [INFO ] http-nio-8080-exec-8 com.example.demo.controllers.UserController [UserController.java : 71] create user: test successfully!
2022-04-21 19:12:36,897 [INFO ] http-nio-8080-exec-2 com.example.demo.controllers.CartController [CartController.java : 54] add to cart successfully
2022-04-21 19:12:40,392 [INFO ] http-nio-8080-exec-1 com.example.demo.controllers.OrderController [OrderController.java : 36] order submitted successfully
2022-04-21 19:13:38,713 [INFO ] Thread-3 o.s.scheduling.concurrent.ThreadPoolTaskExecutor [ExecutorConfigurationSupport.java : 208] Shutting down ExecutorService 'applicationTaskExecutor'
2022-04-21 19:13:38,716 [INFO ] Thread-3 o.s.orm.jpa.LocalContainerEntityManagerFactoryBean [AbstractEntityManagerFactoryBean.java : 597] Closing JPA EntityManagerFactory for persistence unit 'default'
2022-04-21 19:13:38,718 [INFO ] Thread-3 com.zaxxer.hikari.HikariDataSource [HikariDataSource.java : 350] HikariPool-1 - Shutdown initiated...
2022-04-21 19:13:38,721 [INFO ] Thread-3 com.zaxxer.hikari.HikariDataSource [HikariDataSource.java : 352] HikariPool-1 - Shutdown completed.
